The system is: Darwin - 16.7.0 - x86_64
Compiling the C compiler identification source file "CMakeCCompilerId.c" succeeded.
Compiler: /Applications/Xcode.app/Contents/Developer/Toolchains/XcodeDefault.xctoolchain/usr/bin/cc 
Build flags: 
Id flags:  

The output was:
0


Compilation of the C compiler identification source "CMakeCCompilerId.c" produced "a.out"

The C compiler identification is AppleClang, found in "/Users/njazz/Documents/github/paulstretchlib/lib/build-lib/CMakeFiles/3.16.4/CompilerIdC/a.out"

Compiling the CXX compiler identification source file "CMakeCXXCompilerId.cpp" succeeded.
Compiler: /Applications/Xcode.app/Contents/Developer/Toolchains/XcodeDefault.xctoolchain/usr/bin/c++ 
Build flags: 
Id flags:  

The output was:
0


Compilation of the CXX compiler identification source "CMakeCXXCompilerId.cpp" produced "a.out"

The CXX compiler identification is AppleClang, found in "/Users/njazz/Documents/github/paulstretchlib/lib/build-lib/CMakeFiles/3.16.4/CompilerIdCXX/a.out"

Determining if the C compiler works passed with the following output:
Change Dir: /Users/njazz/Documents/github/paulstretchlib/lib/build-lib/CMakeFiles/CMakeTmp

Run Build Command(s):/usr/bin/make cmTC_c3653/fast && /Applications/Xcode.app/Contents/Developer/usr/bin/make -f CMakeFiles/cmTC_c3653.dir/build.make CMakeFiles/cmTC_c3653.dir/build
Building C object CMakeFiles/cmTC_c3653.dir/testCCompiler.c.o
/Applications/Xcode.app/Contents/Developer/Toolchains/XcodeDefault.xctoolchain/usr/bin/cc    -o CMakeFiles/cmTC_c3653.dir/testCCompiler.c.o   -c /Users/njazz/Documents/github/paulstretchlib/lib/build-lib/CMakeFiles/CMakeTmp/testCCompiler.c
Linking C executable cmTC_c3653
/usr/local/Cellar/cmake/3.16.4/bin/cmake -E cmake_link_script CMakeFiles/cmTC_c3653.dir/link.txt --verbose=1
/Applications/Xcode.app/Contents/Developer/Toolchains/XcodeDefault.xctoolchain/usr/bin/cc   -Wl,-search_paths_first -Wl,-headerpad_max_install_names   CMakeFiles/cmTC_c3653.dir/testCCompiler.c.o  -o cmTC_c3653 



Detecting C compiler ABI info compiled with the following output:
Change Dir: /Users/njazz/Documents/github/paulstretchlib/lib/build-lib/CMakeFiles/CMakeTmp

Run Build Command(s):/usr/bin/make cmTC_8f2af/fast && /Applications/Xcode.app/Contents/Developer/usr/bin/make -f CMakeFiles/cmTC_8f2af.dir/build.make CMakeFiles/cmTC_8f2af.dir/build
Building C object CMakeFiles/cmTC_8f2af.dir/CMakeCCompilerABI.c.o
/Applications/Xcode.app/Contents/Developer/Toolchains/XcodeDefault.xctoolchain/usr/bin/cc   -v -Wl,-v -o CMakeFiles/cmTC_8f2af.dir/CMakeCCompilerABI.c.o   -c /usr/local/Cellar/cmake/3.16.4/share/cmake/Modules/CMakeCCompilerABI.c
Apple LLVM version 9.0.0 (clang-900.0.38)
Target: x86_64-apple-darwin16.7.0
Thread model: posix
InstalledDir: /Applications/Xcode.app/Contents/Developer/Toolchains/XcodeDefault.xctoolchain/usr/bin
clang: warning: -Wl,-v: 'linker' input unused [-Wunused-command-line-argument]
 "/Applications/Xcode.app/Contents/Developer/Toolchains/XcodeDefault.xctoolchain/usr/bin/clang" -cc1 -triple x86_64-apple-macosx10.12.0 -Wdeprecated-objc-isa-usage -Werror=deprecated-objc-isa-usage -emit-obj -mrelax-all -disable-free -disable-llvm-verifier -discard-value-names -main-file-name CMakeCCompilerABI.c -mrelocation-model pic -pic-level 2 -mthread-model posix -mdisable-fp-elim -fno-strict-return -masm-verbose -munwind-tables -target-cpu penryn -target-linker-version 302.3.1 -v -dwarf-column-info -debugger-tuning=lldb -coverage-notes-file /Users/njazz/Documents/github/paulstretchlib/lib/build-lib/CMakeFiles/CMakeTmp/CMakeFiles/cmTC_8f2af.dir/CMakeCCompilerABI.c.gcno -resource-dir /Applications/Xcode.app/Contents/Developer/Toolchains/XcodeDefault.xctoolchain/usr/lib/clang/9.0.0 -fdebug-compilation-dir /Users/njazz/Documents/github/paulstretchlib/lib/build-lib/CMakeFiles/CMakeTmp -ferror-limit 19 -fmessage-length 0 -stack-protector 1 -fblocks -fobjc-runtime=macosx-10.12.0 -fencode-extended-block-signature -fmax-type-align=16 -fdiagnostics-show-option -o CMakeFiles/cmTC_8f2af.dir/CMakeCCompilerABI.c.o -x c /usr/local/Cellar/cmake/3.16.4/share/cmake/Modules/CMakeCCompilerABI.c
clang -cc1 version 9.0.0 (clang-900.0.38) default target x86_64-apple-darwin16.7.0
#include "..." search starts here:
#include <...> search starts here:
 /usr/local/include
 /Applications/Xcode.app/Contents/Developer/Toolchains/XcodeDefault.xctoolchain/usr/lib/clang/9.0.0/include
 /Applications/Xcode.app/Contents/Developer/Toolchains/XcodeDefault.xctoolchain/usr/include
 /usr/include
 /System/Library/Frameworks (framework directory)
 /Library/Frameworks (framework directory)
End of search list.
Linking C executable cmTC_8f2af
/usr/local/Cellar/cmake/3.16.4/bin/cmake -E cmake_link_script CMakeFiles/cmTC_8f2af.dir/link.txt --verbose=1
/Applications/Xcode.app/Contents/Developer/Toolchains/XcodeDefault.xctoolchain/usr/bin/cc   -Wl,-search_paths_first -Wl,-headerpad_max_install_names  -v -Wl,-v CMakeFiles/cmTC_8f2af.dir/CMakeCCompilerABI.c.o  -o cmTC_8f2af 
Apple LLVM version 9.0.0 (clang-900.0.38)
Target: x86_64-apple-darwin16.7.0
Thread model: posix
InstalledDir: /Applications/Xcode.app/Contents/Developer/Toolchains/XcodeDefault.xctoolchain/usr/bin
 "/Applications/Xcode.app/Contents/Developer/Toolchains/XcodeDefault.xctoolchain/usr/bin/ld" -demangle -lto_library /Applications/Xcode.app/Contents/Developer/Toolchains/XcodeDefault.xctoolchain/usr/lib/libLTO.dylib -dynamic -arch x86_64 -macosx_version_min 10.12.0 -o cmTC_8f2af -search_paths_first -headerpad_max_install_names -v CMakeFiles/cmTC_8f2af.dir/CMakeCCompilerABI.c.o -lSystem /Applications/Xcode.app/Contents/Developer/Toolchains/XcodeDefault.xctoolchain/usr/lib/clang/9.0.0/lib/darwin/libclang_rt.osx.a
@(#)PROGRAM:ld  PROJECT:ld64-302.3.1
configured to support archs: armv6 armv7 armv7s arm64 i386 x86_64 x86_64h armv6m armv7k armv7m armv7em (tvOS)
Library search paths:
	/usr/lib
	/usr/local/lib
Framework search paths:
	/Library/Frameworks/
	/System/Library/Frameworks/



Parsed C implicit include dir info from above output: rv=done
  found start of include info
  found start of implicit include info
    add: [/usr/local/include]
    add: [/Applications/Xcode.app/Contents/Developer/Toolchains/XcodeDefault.xctoolchain/usr/lib/clang/9.0.0/include]
    add: [/Applications/Xcode.app/Contents/Developer/Toolchains/XcodeDefault.xctoolchain/usr/include]
    add: [/usr/include]
  end of search list found
  collapse include dir [/usr/local/include] ==> [/usr/local/include]
  collapse include dir [/Applications/Xcode.app/Contents/Developer/Toolchains/XcodeDefault.xctoolchain/usr/lib/clang/9.0.0/include] ==> [/Applications/Xcode.app/Contents/Developer/Toolchains/XcodeDefault.xctoolchain/usr/lib/clang/9.0.0/include]
  collapse include dir [/Applications/Xcode.app/Contents/Developer/Toolchains/XcodeDefault.xctoolchain/usr/include] ==> [/Applications/Xcode.app/Contents/Developer/Toolchains/XcodeDefault.xctoolchain/usr/include]
  collapse include dir [/usr/include] ==> [/usr/include]
  implicit include dirs: [/usr/local/include;/Applications/Xcode.app/Contents/Developer/Toolchains/XcodeDefault.xctoolchain/usr/lib/clang/9.0.0/include;/Applications/Xcode.app/Contents/Developer/Toolchains/XcodeDefault.xctoolchain/usr/include;/usr/include]


Parsed C implicit link information from above output:
  link line regex: [^( *|.*[/\])(ld|CMAKE_LINK_STARTFILE-NOTFOUND|([^/\]+-)?ld|collect2)[^/\]*( |$)]
  ignore line: [Change Dir: /Users/njazz/Documents/github/paulstretchlib/lib/build-lib/CMakeFiles/CMakeTmp]
  ignore line: []
  ignore line: [Run Build Command(s):/usr/bin/make cmTC_8f2af/fast && /Applications/Xcode.app/Contents/Developer/usr/bin/make -f CMakeFiles/cmTC_8f2af.dir/build.make CMakeFiles/cmTC_8f2af.dir/build]
  ignore line: [Building C object CMakeFiles/cmTC_8f2af.dir/CMakeCCompilerABI.c.o]
  ignore line: [/Applications/Xcode.app/Contents/Developer/Toolchains/XcodeDefault.xctoolchain/usr/bin/cc   -v -Wl -v -o CMakeFiles/cmTC_8f2af.dir/CMakeCCompilerABI.c.o   -c /usr/local/Cellar/cmake/3.16.4/share/cmake/Modules/CMakeCCompilerABI.c]
  ignore line: [Apple LLVM version 9.0.0 (clang-900.0.38)]
  ignore line: [Target: x86_64-apple-darwin16.7.0]
  ignore line: [Thread model: posix]
  ignore line: [InstalledDir: /Applications/Xcode.app/Contents/Developer/Toolchains/XcodeDefault.xctoolchain/usr/bin]
  ignore line: [clang: warning: -Wl -v: 'linker' input unused [-Wunused-command-line-argument]]
  ignore line: [ "/Applications/Xcode.app/Contents/Developer/Toolchains/XcodeDefault.xctoolchain/usr/bin/clang" -cc1 -triple x86_64-apple-macosx10.12.0 -Wdeprecated-objc-isa-usage -Werror=deprecated-objc-isa-usage -emit-obj -mrelax-all -disable-free -disable-llvm-verifier -discard-value-names -main-file-name CMakeCCompilerABI.c -mrelocation-model pic -pic-level 2 -mthread-model posix -mdisable-fp-elim -fno-strict-return -masm-verbose -munwind-tables -target-cpu penryn -target-linker-version 302.3.1 -v -dwarf-column-info -debugger-tuning=lldb -coverage-notes-file /Users/njazz/Documents/github/paulstretchlib/lib/build-lib/CMakeFiles/CMakeTmp/CMakeFiles/cmTC_8f2af.dir/CMakeCCompilerABI.c.gcno -resource-dir /Applications/Xcode.app/Contents/Developer/Toolchains/XcodeDefault.xctoolchain/usr/lib/clang/9.0.0 -fdebug-compilation-dir /Users/njazz/Documents/github/paulstretchlib/lib/build-lib/CMakeFiles/CMakeTmp -ferror-limit 19 -fmessage-length 0 -stack-protector 1 -fblocks -fobjc-runtime=macosx-10.12.0 -fencode-extended-block-signature -fmax-type-align=16 -fdiagnostics-show-option -o CMakeFiles/cmTC_8f2af.dir/CMakeCCompilerABI.c.o -x c /usr/local/Cellar/cmake/3.16.4/share/cmake/Modules/CMakeCCompilerABI.c]
  ignore line: [clang -cc1 version 9.0.0 (clang-900.0.38) default target x86_64-apple-darwin16.7.0]
  ignore line: [#include "..." search starts here:]
  ignore line: [#include <...> search starts here:]
  ignore line: [ /usr/local/include]
  ignore line: [ /Applications/Xcode.app/Contents/Developer/Toolchains/XcodeDefault.xctoolchain/usr/lib/clang/9.0.0/include]
  ignore line: [ /Applications/Xcode.app/Contents/Developer/Toolchains/XcodeDefault.xctoolchain/usr/include]
  ignore line: [ /usr/include]
  ignore line: [ /System/Library/Frameworks (framework directory)]
  ignore line: [ /Library/Frameworks (framework directory)]
  ignore line: [End of search list.]
  ignore line: [Linking C executable cmTC_8f2af]
  ignore line: [/usr/local/Cellar/cmake/3.16.4/bin/cmake -E cmake_link_script CMakeFiles/cmTC_8f2af.dir/link.txt --verbose=1]
  ignore line: [/Applications/Xcode.app/Contents/Developer/Toolchains/XcodeDefault.xctoolchain/usr/bin/cc   -Wl -search_paths_first -Wl -headerpad_max_install_names  -v -Wl -v CMakeFiles/cmTC_8f2af.dir/CMakeCCompilerABI.c.o  -o cmTC_8f2af ]
  ignore line: [Apple LLVM version 9.0.0 (clang-900.0.38)]
  ignore line: [Target: x86_64-apple-darwin16.7.0]
  ignore line: [Thread model: posix]
  ignore line: [InstalledDir: /Applications/Xcode.app/Contents/Developer/Toolchains/XcodeDefault.xctoolchain/usr/bin]
  link line: [ "/Applications/Xcode.app/Contents/Developer/Toolchains/XcodeDefault.xctoolchain/usr/bin/ld" -demangle -lto_library /Applications/Xcode.app/Contents/Developer/Toolchains/XcodeDefault.xctoolchain/usr/lib/libLTO.dylib -dynamic -arch x86_64 -macosx_version_min 10.12.0 -o cmTC_8f2af -search_paths_first -headerpad_max_install_names -v CMakeFiles/cmTC_8f2af.dir/CMakeCCompilerABI.c.o -lSystem /Applications/Xcode.app/Contents/Developer/Toolchains/XcodeDefault.xctoolchain/usr/lib/clang/9.0.0/lib/darwin/libclang_rt.osx.a]
    arg [/Applications/Xcode.app/Contents/Developer/Toolchains/XcodeDefault.xctoolchain/usr/bin/ld] ==> ignore
    arg [-demangle] ==> ignore
    arg [-lto_library] ==> ignore, skip following value
    arg [/Applications/Xcode.app/Contents/Developer/Toolchains/XcodeDefault.xctoolchain/usr/lib/libLTO.dylib] ==> skip value of -lto_library
    arg [-dynamic] ==> ignore
    arg [-arch] ==> ignore
    arg [x86_64] ==> ignore
    arg [-macosx_version_min] ==> ignore
    arg [10.12.0] ==> ignore
    arg [-o] ==> ignore
    arg [cmTC_8f2af] ==> ignore
    arg [-search_paths_first] ==> ignore
    arg [-headerpad_max_install_names] ==> ignore
    arg [-v] ==> ignore
    arg [CMakeFiles/cmTC_8f2af.dir/CMakeCCompilerABI.c.o] ==> ignore
    arg [-lSystem] ==> lib [System]
    arg [/Applications/Xcode.app/Contents/Developer/Toolchains/XcodeDefault.xctoolchain/usr/lib/clang/9.0.0/lib/darwin/libclang_rt.osx.a] ==> lib [/Applications/Xcode.app/Contents/Developer/Toolchains/XcodeDefault.xctoolchain/usr/lib/clang/9.0.0/lib/darwin/libclang_rt.osx.a]
  Library search paths: [;/usr/lib;/usr/local/lib]
  Framework search paths: [;/Library/Frameworks/;/System/Library/Frameworks/]
  remove lib [System]
  remove lib [/Applications/Xcode.app/Contents/Developer/Toolchains/XcodeDefault.xctoolchain/usr/lib/clang/9.0.0/lib/darwin/libclang_rt.osx.a]
  collapse library dir [/usr/lib] ==> [/usr/lib]
  collapse library dir [/usr/local/lib] ==> [/usr/local/lib]
  collapse framework dir [/Library/Frameworks/] ==> [/Library/Frameworks]
  collapse framework dir [/System/Library/Frameworks/] ==> [/System/Library/Frameworks]
  implicit libs: []
  implicit dirs: [/usr/lib;/usr/local/lib]
  implicit fwks: [/Library/Frameworks;/System/Library/Frameworks]


Determining if the CXX compiler works passed with the following output:
Change Dir: /Users/njazz/Documents/github/paulstretchlib/lib/build-lib/CMakeFiles/CMakeTmp

Run Build Command(s):/usr/bin/make cmTC_f76b8/fast && /Applications/Xcode.app/Contents/Developer/usr/bin/make -f CMakeFiles/cmTC_f76b8.dir/build.make CMakeFiles/cmTC_f76b8.dir/build
Building CXX object CMakeFiles/cmTC_f76b8.dir/testCXXCompiler.cxx.o
/Applications/Xcode.app/Contents/Developer/Toolchains/XcodeDefault.xctoolchain/usr/bin/c++     -o CMakeFiles/cmTC_f76b8.dir/testCXXCompiler.cxx.o -c /Users/njazz/Documents/github/paulstretchlib/lib/build-lib/CMakeFiles/CMakeTmp/testCXXCompiler.cxx
Linking CXX executable cmTC_f76b8
/usr/local/Cellar/cmake/3.16.4/bin/cmake -E cmake_link_script CMakeFiles/cmTC_f76b8.dir/link.txt --verbose=1
/Applications/Xcode.app/Contents/Developer/Toolchains/XcodeDefault.xctoolchain/usr/bin/c++    -Wl,-search_paths_first -Wl,-headerpad_max_install_names   CMakeFiles/cmTC_f76b8.dir/testCXXCompiler.cxx.o  -o cmTC_f76b8 



Detecting CXX compiler ABI info compiled with the following output:
Change Dir: /Users/njazz/Documents/github/paulstretchlib/lib/build-lib/CMakeFiles/CMakeTmp

Run Build Command(s):/usr/bin/make cmTC_84982/fast && /Applications/Xcode.app/Contents/Developer/usr/bin/make -f CMakeFiles/cmTC_84982.dir/build.make CMakeFiles/cmTC_84982.dir/build
Building CXX object CMakeFiles/cmTC_84982.dir/CMakeCXXCompilerABI.cpp.o
/Applications/Xcode.app/Contents/Developer/Toolchains/XcodeDefault.xctoolchain/usr/bin/c++    -v -Wl,-v -o CMakeFiles/cmTC_84982.dir/CMakeCXXCompilerABI.cpp.o -c /usr/local/Cellar/cmake/3.16.4/share/cmake/Modules/CMakeCXXCompilerABI.cpp
Apple LLVM version 9.0.0 (clang-900.0.38)
Target: x86_64-apple-darwin16.7.0
Thread model: posix
InstalledDir: /Applications/Xcode.app/Contents/Developer/Toolchains/XcodeDefault.xctoolchain/usr/bin
clang: warning: -Wl,-v: 'linker' input unused [-Wunused-command-line-argument]
 "/Applications/Xcode.app/Contents/Developer/Toolchains/XcodeDefault.xctoolchain/usr/bin/clang" -cc1 -triple x86_64-apple-macosx10.12.0 -Wdeprecated-objc-isa-usage -Werror=deprecated-objc-isa-usage -emit-obj -mrelax-all -disable-free -disable-llvm-verifier -discard-value-names -main-file-name CMakeCXXCompilerABI.cpp -mrelocation-model pic -pic-level 2 -mthread-model posix -mdisable-fp-elim -fno-strict-return -masm-verbose -munwind-tables -target-cpu penryn -target-linker-version 302.3.1 -v -dwarf-column-info -debugger-tuning=lldb -coverage-notes-file /Users/njazz/Documents/github/paulstretchlib/lib/build-lib/CMakeFiles/CMakeTmp/CMakeFiles/cmTC_84982.dir/CMakeCXXCompilerABI.cpp.gcno -resource-dir /Applications/Xcode.app/Contents/Developer/Toolchains/XcodeDefault.xctoolchain/usr/lib/clang/9.0.0 -stdlib=libc++ -fdeprecated-macro -fdebug-compilation-dir /Users/njazz/Documents/github/paulstretchlib/lib/build-lib/CMakeFiles/CMakeTmp -ferror-limit 19 -fmessage-length 0 -stack-protector 1 -fblocks -fobjc-runtime=macosx-10.12.0 -fencode-extended-block-signature -fcxx-exceptions -fexceptions -fmax-type-align=16 -fdiagnostics-show-option -o CMakeFiles/cmTC_84982.dir/CMakeCXXCompilerABI.cpp.o -x c++ /usr/local/Cellar/cmake/3.16.4/share/cmake/Modules/CMakeCXXCompilerABI.cpp
clang -cc1 version 9.0.0 (clang-900.0.38) default target x86_64-apple-darwin16.7.0
ignoring nonexistent directory "/usr/include/c++/v1"
#include "..." search starts here:
#include <...> search starts here:
 /Applications/Xcode.app/Contents/Developer/Toolchains/XcodeDefault.xctoolchain/usr/include/c++/v1
 /usr/local/include
 /Applications/Xcode.app/Contents/Developer/Toolchains/XcodeDefault.xctoolchain/usr/lib/clang/9.0.0/include
 /Applications/Xcode.app/Contents/Developer/Toolchains/XcodeDefault.xctoolchain/usr/include
 /usr/include
 /System/Library/Frameworks (framework directory)
 /Library/Frameworks (framework directory)
End of search list.
Linking CXX executable cmTC_84982
/usr/local/Cellar/cmake/3.16.4/bin/cmake -E cmake_link_script CMakeFiles/cmTC_84982.dir/link.txt --verbose=1
/Applications/Xcode.app/Contents/Developer/Toolchains/XcodeDefault.xctoolchain/usr/bin/c++    -Wl,-search_paths_first -Wl,-headerpad_max_install_names  -v -Wl,-v CMakeFiles/cmTC_84982.dir/CMakeCXXCompilerABI.cpp.o  -o cmTC_84982 
Apple LLVM version 9.0.0 (clang-900.0.38)
Target: x86_64-apple-darwin16.7.0
Thread model: posix
InstalledDir: /Applications/Xcode.app/Contents/Developer/Toolchains/XcodeDefault.xctoolchain/usr/bin
 "/Applications/Xcode.app/Contents/Developer/Toolchains/XcodeDefault.xctoolchain/usr/bin/ld" -demangle -lto_library /Applications/Xcode.app/Contents/Developer/Toolchains/XcodeDefault.xctoolchain/usr/lib/libLTO.dylib -dynamic -arch x86_64 -macosx_version_min 10.12.0 -o cmTC_84982 -search_paths_first -headerpad_max_install_names -v CMakeFiles/cmTC_84982.dir/CMakeCXXCompilerABI.cpp.o -lc++ -lSystem /Applications/Xcode.app/Contents/Developer/Toolchains/XcodeDefault.xctoolchain/usr/lib/clang/9.0.0/lib/darwin/libclang_rt.osx.a
@(#)PROGRAM:ld  PROJECT:ld64-302.3.1
configured to support archs: armv6 armv7 armv7s arm64 i386 x86_64 x86_64h armv6m armv7k armv7m armv7em (tvOS)
Library search paths:
	/usr/lib
	/usr/local/lib
Framework search paths:
	/Library/Frameworks/
	/System/Library/Frameworks/



Parsed CXX implicit include dir info from above output: rv=done
  found start of include info
  found start of implicit include info
    add: [/Applications/Xcode.app/Contents/Developer/Toolchains/XcodeDefault.xctoolchain/usr/include/c++/v1]
    add: [/usr/local/include]
    add: [/Applications/Xcode.app/Contents/Developer/Toolchains/XcodeDefault.xctoolchain/usr/lib/clang/9.0.0/include]
    add: [/Applications/Xcode.app/Contents/Developer/Toolchains/XcodeDefault.xctoolchain/usr/include]
    add: [/usr/include]
  end of search list found
  collapse include dir [/Applications/Xcode.app/Contents/Developer/Toolchains/XcodeDefault.xctoolchain/usr/include/c++/v1] ==> [/Applications/Xcode.app/Contents/Developer/Toolchains/XcodeDefault.xctoolchain/usr/include/c++/v1]
  collapse include dir [/usr/local/include] ==> [/usr/local/include]
  collapse include dir [/Applications/Xcode.app/Contents/Developer/Toolchains/XcodeDefault.xctoolchain/usr/lib/clang/9.0.0/include] ==> [/Applications/Xcode.app/Contents/Developer/Toolchains/XcodeDefault.xctoolchain/usr/lib/clang/9.0.0/include]
  collapse include dir [/Applications/Xcode.app/Contents/Developer/Toolchains/XcodeDefault.xctoolchain/usr/include] ==> [/Applications/Xcode.app/Contents/Developer/Toolchains/XcodeDefault.xctoolchain/usr/include]
  collapse include dir [/usr/include] ==> [/usr/include]
  implicit include dirs: [/Applications/Xcode.app/Contents/Developer/Toolchains/XcodeDefault.xctoolchain/usr/include/c++/v1;/usr/local/include;/Applications/Xcode.app/Contents/Developer/Toolchains/XcodeDefault.xctoolchain/usr/lib/clang/9.0.0/include;/Applications/Xcode.app/Contents/Developer/Toolchains/XcodeDefault.xctoolchain/usr/include;/usr/include]


Parsed CXX implicit link information from above output:
  link line regex: [^( *|.*[/\])(ld|CMAKE_LINK_STARTFILE-NOTFOUND|([^/\]+-)?ld|collect2)[^/\]*( |$)]
  ignore line: [Change Dir: /Users/njazz/Documents/github/paulstretchlib/lib/build-lib/CMakeFiles/CMakeTmp]
  ignore line: []
  ignore line: [Run Build Command(s):/usr/bin/make cmTC_84982/fast && /Applications/Xcode.app/Contents/Developer/usr/bin/make -f CMakeFiles/cmTC_84982.dir/build.make CMakeFiles/cmTC_84982.dir/build]
  ignore line: [Building CXX object CMakeFiles/cmTC_84982.dir/CMakeCXXCompilerABI.cpp.o]
  ignore line: [/Applications/Xcode.app/Contents/Developer/Toolchains/XcodeDefault.xctoolchain/usr/bin/c++    -v -Wl -v -o CMakeFiles/cmTC_84982.dir/CMakeCXXCompilerABI.cpp.o -c /usr/local/Cellar/cmake/3.16.4/share/cmake/Modules/CMakeCXXCompilerABI.cpp]
  ignore line: [Apple LLVM version 9.0.0 (clang-900.0.38)]
  ignore line: [Target: x86_64-apple-darwin16.7.0]
  ignore line: [Thread model: posix]
  ignore line: [InstalledDir: /Applications/Xcode.app/Contents/Developer/Toolchains/XcodeDefault.xctoolchain/usr/bin]
  ignore line: [clang: warning: -Wl -v: 'linker' input unused [-Wunused-command-line-argument]]
  ignore line: [ "/Applications/Xcode.app/Contents/Developer/Toolchains/XcodeDefault.xctoolchain/usr/bin/clang" -cc1 -triple x86_64-apple-macosx10.12.0 -Wdeprecated-objc-isa-usage -Werror=deprecated-objc-isa-usage -emit-obj -mrelax-all -disable-free -disable-llvm-verifier -discard-value-names -main-file-name CMakeCXXCompilerABI.cpp -mrelocation-model pic -pic-level 2 -mthread-model posix -mdisable-fp-elim -fno-strict-return -masm-verbose -munwind-tables -target-cpu penryn -target-linker-version 302.3.1 -v -dwarf-column-info -debugger-tuning=lldb -coverage-notes-file /Users/njazz/Documents/github/paulstretchlib/lib/build-lib/CMakeFiles/CMakeTmp/CMakeFiles/cmTC_84982.dir/CMakeCXXCompilerABI.cpp.gcno -resource-dir /Applications/Xcode.app/Contents/Developer/Toolchains/XcodeDefault.xctoolchain/usr/lib/clang/9.0.0 -stdlib=libc++ -fdeprecated-macro -fdebug-compilation-dir /Users/njazz/Documents/github/paulstretchlib/lib/build-lib/CMakeFiles/CMakeTmp -ferror-limit 19 -fmessage-length 0 -stack-protector 1 -fblocks -fobjc-runtime=macosx-10.12.0 -fencode-extended-block-signature -fcxx-exceptions -fexceptions -fmax-type-align=16 -fdiagnostics-show-option -o CMakeFiles/cmTC_84982.dir/CMakeCXXCompilerABI.cpp.o -x c++ /usr/local/Cellar/cmake/3.16.4/share/cmake/Modules/CMakeCXXCompilerABI.cpp]
  ignore line: [clang -cc1 version 9.0.0 (clang-900.0.38) default target x86_64-apple-darwin16.7.0]
  ignore line: [ignoring nonexistent directory "/usr/include/c++/v1"]
  ignore line: [#include "..." search starts here:]
  ignore line: [#include <...> search starts here:]
  ignore line: [ /Applications/Xcode.app/Contents/Developer/Toolchains/XcodeDefault.xctoolchain/usr/include/c++/v1]
  ignore line: [ /usr/local/include]
  ignore line: [ /Applications/Xcode.app/Contents/Developer/Toolchains/XcodeDefault.xctoolchain/usr/lib/clang/9.0.0/include]
  ignore line: [ /Applications/Xcode.app/Contents/Developer/Toolchains/XcodeDefault.xctoolchain/usr/include]
  ignore line: [ /usr/include]
  ignore line: [ /System/Library/Frameworks (framework directory)]
  ignore line: [ /Library/Frameworks (framework directory)]
  ignore line: [End of search list.]
  ignore line: [Linking CXX executable cmTC_84982]
  ignore line: [/usr/local/Cellar/cmake/3.16.4/bin/cmake -E cmake_link_script CMakeFiles/cmTC_84982.dir/link.txt --verbose=1]
  ignore line: [/Applications/Xcode.app/Contents/Developer/Toolchains/XcodeDefault.xctoolchain/usr/bin/c++    -Wl -search_paths_first -Wl -headerpad_max_install_names  -v -Wl -v CMakeFiles/cmTC_84982.dir/CMakeCXXCompilerABI.cpp.o  -o cmTC_84982 ]
  ignore line: [Apple LLVM version 9.0.0 (clang-900.0.38)]
  ignore line: [Target: x86_64-apple-darwin16.7.0]
  ignore line: [Thread model: posix]
  ignore line: [InstalledDir: /Applications/Xcode.app/Contents/Developer/Toolchains/XcodeDefault.xctoolchain/usr/bin]
  link line: [ "/Applications/Xcode.app/Contents/Developer/Toolchains/XcodeDefault.xctoolchain/usr/bin/ld" -demangle -lto_library /Applications/Xcode.app/Contents/Developer/Toolchains/XcodeDefault.xctoolchain/usr/lib/libLTO.dylib -dynamic -arch x86_64 -macosx_version_min 10.12.0 -o cmTC_84982 -search_paths_first -headerpad_max_install_names -v CMakeFiles/cmTC_84982.dir/CMakeCXXCompilerABI.cpp.o -lc++ -lSystem /Applications/Xcode.app/Contents/Developer/Toolchains/XcodeDefault.xctoolchain/usr/lib/clang/9.0.0/lib/darwin/libclang_rt.osx.a]
    arg [/Applications/Xcode.app/Contents/Developer/Toolchains/XcodeDefault.xctoolchain/usr/bin/ld] ==> ignore
    arg [-demangle] ==> ignore
    arg [-lto_library] ==> ignore, skip following value
    arg [/Applications/Xcode.app/Contents/Developer/Toolchains/XcodeDefault.xctoolchain/usr/lib/libLTO.dylib] ==> skip value of -lto_library
    arg [-dynamic] ==> ignore
    arg [-arch] ==> ignore
    arg [x86_64] ==> ignore
    arg [-macosx_version_min] ==> ignore
    arg [10.12.0] ==> ignore
    arg [-o] ==> ignore
    arg [cmTC_84982] ==> ignore
    arg [-search_paths_first] ==> ignore
    arg [-headerpad_max_install_names] ==> ignore
    arg [-v] ==> ignore
    arg [CMakeFiles/cmTC_84982.dir/CMakeCXXCompilerABI.cpp.o] ==> ignore
    arg [-lc++] ==> lib [c++]
    arg [-lSystem] ==> lib [System]
    arg [/Applications/Xcode.app/Contents/Developer/Toolchains/XcodeDefault.xctoolchain/usr/lib/clang/9.0.0/lib/darwin/libclang_rt.osx.a] ==> lib [/Applications/Xcode.app/Contents/Developer/Toolchains/XcodeDefault.xctoolchain/usr/lib/clang/9.0.0/lib/darwin/libclang_rt.osx.a]
  Library search paths: [;/usr/lib;/usr/local/lib]
  Framework search paths: [;/Library/Frameworks/;/System/Library/Frameworks/]
  remove lib [System]
  remove lib [/Applications/Xcode.app/Contents/Developer/Toolchains/XcodeDefault.xctoolchain/usr/lib/clang/9.0.0/lib/darwin/libclang_rt.osx.a]
  collapse library dir [/usr/lib] ==> [/usr/lib]
  collapse library dir [/usr/local/lib] ==> [/usr/local/lib]
  collapse framework dir [/Library/Frameworks/] ==> [/Library/Frameworks]
  collapse framework dir [/System/Library/Frameworks/] ==> [/System/Library/Frameworks]
  implicit libs: [c++]
  implicit dirs: [/usr/lib;/usr/local/lib]
  implicit fwks: [/Library/Frameworks;/System/Library/Frameworks]


Determining if the include file sys/types.h exists passed with the following output:
Change Dir: /Users/njazz/Documents/github/paulstretchlib/lib/build-lib/CMakeFiles/CMakeTmp

Run Build Command(s):/usr/bin/make cmTC_0d2ab/fast && /Applications/Xcode.app/Contents/Developer/usr/bin/make -f CMakeFiles/cmTC_0d2ab.dir/build.make CMakeFiles/cmTC_0d2ab.dir/build
Building C object CMakeFiles/cmTC_0d2ab.dir/CheckIncludeFile.c.o
/Applications/Xcode.app/Contents/Developer/Toolchains/XcodeDefault.xctoolchain/usr/bin/cc    -o CMakeFiles/cmTC_0d2ab.dir/CheckIncludeFile.c.o   -c /Users/njazz/Documents/github/paulstretchlib/lib/build-lib/CMakeFiles/CMakeTmp/CheckIncludeFile.c
Linking C executable cmTC_0d2ab
/usr/local/Cellar/cmake/3.16.4/bin/cmake -E cmake_link_script CMakeFiles/cmTC_0d2ab.dir/link.txt --verbose=1
/Applications/Xcode.app/Contents/Developer/Toolchains/XcodeDefault.xctoolchain/usr/bin/cc   -Wl,-search_paths_first -Wl,-headerpad_max_install_names   CMakeFiles/cmTC_0d2ab.dir/CheckIncludeFile.c.o  -o cmTC_0d2ab 



Determining if the include file stdint.h exists passed with the following output:
Change Dir: /Users/njazz/Documents/github/paulstretchlib/lib/build-lib/CMakeFiles/CMakeTmp

Run Build Command(s):/usr/bin/make cmTC_05283/fast && /Applications/Xcode.app/Contents/Developer/usr/bin/make -f CMakeFiles/cmTC_05283.dir/build.make CMakeFiles/cmTC_05283.dir/build
Building C object CMakeFiles/cmTC_05283.dir/CheckIncludeFile.c.o
/Applications/Xcode.app/Contents/Developer/Toolchains/XcodeDefault.xctoolchain/usr/bin/cc    -o CMakeFiles/cmTC_05283.dir/CheckIncludeFile.c.o   -c /Users/njazz/Documents/github/paulstretchlib/lib/build-lib/CMakeFiles/CMakeTmp/CheckIncludeFile.c
Linking C executable cmTC_05283
/usr/local/Cellar/cmake/3.16.4/bin/cmake -E cmake_link_script CMakeFiles/cmTC_05283.dir/link.txt --verbose=1
/Applications/Xcode.app/Contents/Developer/Toolchains/XcodeDefault.xctoolchain/usr/bin/cc   -Wl,-search_paths_first -Wl,-headerpad_max_install_names   CMakeFiles/cmTC_05283.dir/CheckIncludeFile.c.o  -o cmTC_05283 



Determining if the include file stddef.h exists passed with the following output:
Change Dir: /Users/njazz/Documents/github/paulstretchlib/lib/build-lib/CMakeFiles/CMakeTmp

Run Build Command(s):/usr/bin/make cmTC_6a34f/fast && /Applications/Xcode.app/Contents/Developer/usr/bin/make -f CMakeFiles/cmTC_6a34f.dir/build.make CMakeFiles/cmTC_6a34f.dir/build
Building C object CMakeFiles/cmTC_6a34f.dir/CheckIncludeFile.c.o
/Applications/Xcode.app/Contents/Developer/Toolchains/XcodeDefault.xctoolchain/usr/bin/cc    -o CMakeFiles/cmTC_6a34f.dir/CheckIncludeFile.c.o   -c /Users/njazz/Documents/github/paulstretchlib/lib/build-lib/CMakeFiles/CMakeTmp/CheckIncludeFile.c
Linking C executable cmTC_6a34f
/usr/local/Cellar/cmake/3.16.4/bin/cmake -E cmake_link_script CMakeFiles/cmTC_6a34f.dir/link.txt --verbose=1
/Applications/Xcode.app/Contents/Developer/Toolchains/XcodeDefault.xctoolchain/usr/bin/cc   -Wl,-search_paths_first -Wl,-headerpad_max_install_names   CMakeFiles/cmTC_6a34f.dir/CheckIncludeFile.c.o  -o cmTC_6a34f 



Determining size of unsigned short passed with the following output:
Change Dir: /Users/njazz/Documents/github/paulstretchlib/lib/build-lib/CMakeFiles/CMakeTmp

Run Build Command(s):/usr/bin/make cmTC_e8d7e/fast && /Applications/Xcode.app/Contents/Developer/usr/bin/make -f CMakeFiles/cmTC_e8d7e.dir/build.make CMakeFiles/cmTC_e8d7e.dir/build
Building C object CMakeFiles/cmTC_e8d7e.dir/CMAKE_SIZEOF_UNSIGNED_SHORT.c.o
/Applications/Xcode.app/Contents/Developer/Toolchains/XcodeDefault.xctoolchain/usr/bin/cc    -o CMakeFiles/cmTC_e8d7e.dir/CMAKE_SIZEOF_UNSIGNED_SHORT.c.o   -c /Users/njazz/Documents/github/paulstretchlib/lib/build-lib/CMakeFiles/CheckTypeSize/CMAKE_SIZEOF_UNSIGNED_SHORT.c
Linking C executable cmTC_e8d7e
/usr/local/Cellar/cmake/3.16.4/bin/cmake -E cmake_link_script CMakeFiles/cmTC_e8d7e.dir/link.txt --verbose=1
/Applications/Xcode.app/Contents/Developer/Toolchains/XcodeDefault.xctoolchain/usr/bin/cc   -Wl,-search_paths_first -Wl,-headerpad_max_install_names   CMakeFiles/cmTC_e8d7e.dir/CMAKE_SIZEOF_UNSIGNED_SHORT.c.o  -o cmTC_e8d7e 



Determining if the system is big endian passed with the following output:
Change Dir: /Users/njazz/Documents/github/paulstretchlib/lib/build-lib/CMakeFiles/CMakeTmp

Run Build Command(s):/usr/bin/make cmTC_bb39d/fast && /Applications/Xcode.app/Contents/Developer/usr/bin/make -f CMakeFiles/cmTC_bb39d.dir/build.make CMakeFiles/cmTC_bb39d.dir/build
Building C object CMakeFiles/cmTC_bb39d.dir/TestEndianess.c.o
/Applications/Xcode.app/Contents/Developer/Toolchains/XcodeDefault.xctoolchain/usr/bin/cc    -o CMakeFiles/cmTC_bb39d.dir/TestEndianess.c.o   -c /Users/njazz/Documents/github/paulstretchlib/lib/build-lib/CMakeFiles/CMakeTmp/TestEndianess.c
Linking C executable cmTC_bb39d
/usr/local/Cellar/cmake/3.16.4/bin/cmake -E cmake_link_script CMakeFiles/cmTC_bb39d.dir/link.txt --verbose=1
/Applications/Xcode.app/Contents/Developer/Toolchains/XcodeDefault.xctoolchain/usr/bin/cc   -Wl,-search_paths_first -Wl,-headerpad_max_install_names   CMakeFiles/cmTC_bb39d.dir/TestEndianess.c.o  -o cmTC_bb39d 


TestEndianess.c:
/* A 16 bit integer is required. */
typedef unsigned short cmakeint16;

/* On a little endian machine, these 16bit ints will give "THIS IS LITTLE ENDIAN."
   On a big endian machine the characters will be exchanged pairwise. */
const cmakeint16 info_little[] =  {0x4854, 0x5349, 0x4920, 0x2053, 0x494c, 0x5454, 0x454c, 0x4520, 0x444e, 0x4149, 0x2e4e, 0x0000};

/* on a big endian machine, these 16bit ints will give "THIS IS BIG ENDIAN."
   On a little endian machine the characters will be exchanged pairwise. */
const cmakeint16 info_big[] =     {0x5448, 0x4953, 0x2049, 0x5320, 0x4249, 0x4720, 0x454e, 0x4449, 0x414e, 0x2e2e, 0x0000};

#ifdef __CLASSIC_C__
int main(argc, argv) int argc; char *argv[];
#else
int main(int argc, char *argv[])
#endif
{
  int require = 0;
  require += info_little[argc];
  require += info_big[argc];
  (void)argv;
  return require;
}


