Checking whether the ASM_NASM compiler is GNU using "--version" did not match "(GNU assembler)|(GCC)|(Free Software Foundation)":
nasm: error: unrecognised option `--version'
nasm: error: no input file specified
type `nasm -h' for help
Checking whether the ASM_NASM compiler is Clang using "--version" did not match "(clang version)":
nasm: error: unrecognised option `--version'
nasm: error: no input file specified
type `nasm -h' for help
Checking whether the ASM_NASM compiler is AppleClang using "--version" did not match "(Apple LLVM version)":
nasm: error: unrecognised option `--version'
nasm: error: no input file specified
type `nasm -h' for help
Checking whether the ASM_NASM compiler is ARMClang using "--version" did not match "armclang":
nasm: error: unrecognised option `--version'
nasm: error: no input file specified
type `nasm -h' for help
Checking whether the ASM_NASM compiler is HP using "-V" did not match "HP C":
nasm: error: unrecognised option `-V'
nasm: error: no input file specified
type `nasm -h' for help
Checking whether the ASM_NASM compiler is Intel using "--version" did not match "(ICC)":
nasm: error: unrecognised option `--version'
nasm: error: no input file specified
type `nasm -h' for help
Checking whether the ASM_NASM compiler is SunPro using "-V" did not match "Sun C":
nasm: error: unrecognised option `-V'
nasm: error: no input file specified
type `nasm -h' for help
Checking whether the ASM_NASM compiler is XL using "-qversion" did not match "XL C":
nasm: error: unrecognised option `-q'
nasm: error: no input file specified
type `nasm -h' for help
Checking whether the ASM_NASM compiler is MSVC using "-?" did not match "Microsoft":
nasm: error: unrecognised option `-?'
nasm: error: no input file specified
type `nasm -h' for help
Checking whether the ASM_NASM compiler is TI using "-h" did not match "Texas Instruments":
usage: nasm [-@ response file] [-o outfile] [-f format] [-l listfile]
            [options...] [--] filename
    or nasm -r   for version info (obsolete)
    or nasm -v   for version info (preferred)

    -t          assemble in SciTech TASM compatible mode
    -g          generate debug information in selected format.
    -e          preprocess only (writes output to stdout by default)
    -a          don't preprocess (assemble only)
    -M          generate Makefile dependencies on stdout

    -E<file>    redirect error messages to file
    -s          redirect error messages to stdout

    -F format   select a debugging format

    -I<path>    adds a pathname to the include file path
    -O<digit>   optimize branch offsets (-O0 disables, default)
    -P<file>    pre-includes a file
    -D<macro>[=<value>] pre-defines a macro
    -U<macro>   undefines a macro
    -X<format>  specifies error reporting format (gnu or vc)
    -w+foo      enables warnings about foo; -w-foo disables them
where foo can be:
    macro-params            macro calls with wrong no. of params (default off)
    macro-selfref           cyclic macro self-references (default off)
    orphan-labels           labels alone on lines without trailing `:' (default off)
    number-overflow         numeric constants greater than 0xFFFFFFFF (default on)
    gnu-elf-extensions      using 8- or 16-bit relocation in ELF, a GNU extension (default off)

response files should contain command line parameters, one per line.

For a list of valid output formats, use -hf.
For a list of debug formats, use -f <form> -y.
Checking whether the ASM_NASM compiler is IAR using "" did not match "IAR Assembler":
nasm: error: no input file specified
type `nasm -h' for help
Checking whether the ASM_NASM compiler is ARMCC using "" did not match "(ARM Compiler)|(ARM Assembler)":
nasm: error: no input file specified
type `nasm -h' for help
